[2019-12-01 22:58:06.508] [Agent] [info] jsonMessage={"user":{"registerAndLogin":{"password":"","username":""}}}
[2019-12-01 22:58:06.602] [Agent] [info] jsonMessage={"user":{"retrieveLoungeInfo":{}}}
[2019-12-01 23:00:49.476] [Agent] [info] jsonMessage={"user":{"registerAndLogin":{"password":"","username":""}}}
[2019-12-01 23:00:49.566] [Agent] [info] jsonMessage={"user":{"retrieveLoungeInfo":{}}}
[2019-12-01 23:02:00.155] [Agent] [info] jsonMessage={"user":{"registerAndLogin":{"password":"","username":""}}}
[2019-12-01 23:02:00.243] [Agent] [info] jsonMessage={"user":{"retrieveLoungeInfo":{}}}
[2019-12-01 23:03:32.859] [Agent] [info] jsonMessage={"user":{"registerAndLogin":{"password":"","username":""}}}
[2019-12-01 23:03:32.946] [Agent] [info] jsonMessage={"user":{"retrieveLoungeInfo":{}}}
[2019-12-01 23:08:55.142] [Agent] [info] jsonMessage={"user":{"retrieveLoungeInfo":{}}}
[2019-12-01 23:09:08.141] [Agent] [info] jsonMessage={"user":{"registerAndLogin":{"password":"","username":""}}}
[2019-12-01 23:09:08.244] [Agent] [info] jsonMessage={"user":{"retrieveLoungeInfo":{}}}
[2019-12-01 23:12:41.953] [Agent] [info] jsonMessage={"user":{"registerAndLogin":{"password":"","username":""}}}
[2019-12-01 23:12:42.056] [Agent] [info] jsonMessage={"user":{"retrieveLoungeInfo":{}}}
[2019-12-02 09:40:56.083] [Agent] [info] jsonMessage={"user":{"registerAndLogin":{"password":"","username":""}}}
[2019-12-02 09:40:56.280] [Agent] [info] jsonMessage={"user":{"retrieveLoungeInfo":{}}}
[2019-12-02 09:41:27.738] [Agent] [info] jsonMessage={"user":{"registerAndLogin":{"password":"","username":""}}}
[2019-12-02 09:41:27.886] [Agent] [info] jsonMessage={"user":{"retrieveLoungeInfo":{}}}
[2019-12-02 09:41:46.303] [Agent] [info] jsonMessage={"user":{"registerAndLogin":{"password":"","username":""}}}
[2019-12-02 09:41:46.593] [Agent] [info] jsonMessage={"user":{"retrieveLoungeInfo":{}}}
[2019-12-02 09:46:50.796] [Agent] [info] jsonMessage={"user":{"registerAndLogin":{"password":"","username":""}}}
[2019-12-02 09:46:50.936] [Agent] [info] jsonMessage={"user":{"retrieveLoungeInfo":{}}}
[2019-12-02 09:51:06.290] [Agent] [info] jsonMessage={"user":{"registerAndLogin":{"password":"","username":""}}}
[2019-12-02 09:51:06.491] [Agent] [info] jsonMessage={"user":{"retrieveLoungeInfo":{}}}
[2019-12-02 09:51:08.478] [Agent] [info] jsonMessage={"user":{"readyInLounge":{"ready":true}}}
[2019-12-02 09:55:35.832] [Agent] [info] jsonMessage={"user":{"registerAndLogin":{"password":"","username":""}}}
[2019-12-02 09:55:35.955] [Agent] [info] jsonMessage={"user":{"retrieveLoungeInfo":{}}}
[2019-12-02 09:55:36.978] [Agent] [info] jsonMessage={"user":{"readyInLounge":{"ready":true}}}
[2019-12-02 13:26:19.929] [Agent] [info] jsonMessage={"user":{"registerAndLogin":{"password":"","username":""}}}
[2019-12-02 13:26:20.094] [Agent] [info] jsonMessage={"user":{"retrieveLoungeInfo":{}}}
[2019-12-02 13:30:08.730] [Agent] [info] jsonMessage={"user":{"registerAndLogin":{"password":"","username":""}}}
[2019-12-02 13:30:08.864] [Agent] [info] jsonMessage={"user":{"retrieveLoungeInfo":{}}}
[2019-12-02 13:30:14.746] [Agent] [info] jsonMessage={"user":{"readyInLounge":{"ready":true}}}
[2019-12-02 13:30:15.192] [Agent] [info] jsonMessage={"user":{"readyInLounge":{"ready":false}}}
[2019-12-02 13:30:15.673] [Agent] [info] jsonMessage={"user":{"readyInLounge":{"ready":true}}}
[2019-12-02 13:30:16.054] [Agent] [info] jsonMessage={"user":{"readyInLounge":{"ready":false}}}
[2019-12-02 13:30:21.616] [Agent] [info] jsonMessage={"user":{"retrieveLoungeInfo":{}}}
[2019-12-02 13:30:25.965] [Agent] [info] jsonMessage={"user":{"retrieveLoungeInfo":{}}}
[2019-12-02 13:30:34.875] [Agent] [info] jsonMessage={"user":{"retrieveFriendList":{}}}
[2019-12-02 13:30:34.875] [[User]] [error] Wrong Message, jsonMessage={"retrieveFriendList":{}}
[2019-12-02 13:30:40.324] [Agent] [info] jsonMessage={"user":{"retrieveLoungeInfo":{}}}
[2019-12-02 19:49:40.108] [Agent] [info] jsonMessage={"user":{"registerAndLogin":{"password":"","username":""}}}
[2019-12-02 19:49:40.339] [Agent] [info] jsonMessage={"user":{"retrieveLoungeInfo":{}}}
[2019-12-02 19:50:17.313] [Agent] [info] jsonMessage={"user":{"registerAndLogin":{"password":"","username":""}}}
[2019-12-02 19:50:17.421] [Agent] [info] jsonMessage={"user":{"retrieveLoungeInfo":{}}}
[2019-12-02 19:50:54.940] [Agent] [info] jsonMessage={"user":{"registerAndLogin":{"password":"","username":""}}}
[2019-12-02 19:50:55.055] [Agent] [info] jsonMessage={"user":{"retrieveLoungeInfo":{}}}
[2019-12-02 19:51:48.652] [Agent] [info] jsonMessage={"user":{"registerAndLogin":{"password":"","username":""}}}
[2019-12-02 19:51:48.761] [Agent] [info] jsonMessage={"user":{"retrieveLoungeInfo":{}}}
[2019-12-02 19:52:59.148] [Agent] [info] jsonMessage={"user":{"registerAndLogin":{"password":"","username":""}}}
[2019-12-02 19:52:59.256] [Agent] [info] jsonMessage={"user":{"retrieveLoungeInfo":{}}}
[2019-12-02 20:01:46.170] [Agent] [info] jsonMessage={"user":{"registerAndLogin":{"password":"","username":""}}}
[2019-12-02 20:01:46.278] [Agent] [info] jsonMessage={"user":{"retrieveLoungeInfo":{}}}
[2019-12-02 20:02:23.444] [Agent] [info] jsonMessage={"user":{"registerAndLogin":{"password":"","username":""}}}
[2019-12-02 20:02:23.559] [Agent] [info] jsonMessage={"user":{"retrieveLoungeInfo":{}}}
[2019-12-02 20:03:19.615] [Agent] [info] jsonMessage={"user":{"registerAndLogin":{"password":"","username":""}}}
[2019-12-02 20:03:19.725] [Agent] [info] jsonMessage={"user":{"retrieveLoungeInfo":{}}}
[2019-12-02 20:05:23.630] [Agent] [info] jsonMessage={"user":{"registerAndLogin":{"password":"","username":""}}}
[2019-12-02 20:05:23.743] [Agent] [info] jsonMessage={"user":{"retrieveLoungeInfo":{}}}
[2019-12-02 20:07:00.313] [Agent] [info] jsonMessage={"user":{"registerAndLogin":{"password":"","username":""}}}
[2019-12-02 20:07:00.423] [Agent] [info] jsonMessage={"user":{"retrieveLoungeInfo":{}}}
[2019-12-02 20:08:23.070] [Agent] [info] jsonMessage={"user":{"registerAndLogin":{"password":"","username":""}}}
[2019-12-02 20:08:23.183] [Agent] [info] jsonMessage={"user":{"retrieveLoungeInfo":{}}}
[2019-12-02 20:09:35.259] [Agent] [info] jsonMessage={"user":{"registerAndLogin":{"password":"","username":""}}}
[2019-12-02 20:09:35.370] [Agent] [info] jsonMessage={"user":{"retrieveLoungeInfo":{}}}
[2019-12-02 20:10:21.280] [Agent] [info] jsonMessage={"user":{"registerAndLogin":{"password":"","username":""}}}
[2019-12-02 20:10:21.390] [Agent] [info] jsonMessage={"user":{"retrieveLoungeInfo":{}}}
[2019-12-02 20:15:36.345] [Agent] [info] jsonMessage={"user":{"registerAndLogin":{"password":"","username":""}}}
[2019-12-02 20:15:36.453] [Agent] [info] jsonMessage={"user":{"retrieveLoungeInfo":{}}}
[2019-12-02 20:19:59.829] [Agent] [info] jsonMessage={"user":{"registerAndLogin":{"password":"","username":""}}}
[2019-12-02 20:19:59.937] [Agent] [info] jsonMessage={"user":{"retrieveLoungeInfo":{}}}
[2019-12-02 20:31:11.953] [Agent] [info] jsonMessage={"user":{"registerAndLogin":{"password":"","username":""}}}
[2019-12-02 20:31:12.073] [Agent] [info] jsonMessage={"user":{"retrieveLoungeInfo":{}}}
[2019-12-02 21:57:40.488] [Agent] [info] jsonMessage={"user":{"registerAndLogin":{"password":"","username":""}}}
[2019-12-02 21:57:40.595] [Agent] [info] jsonMessage={"user":{"retrieveLoungeInfo":{}}}
[2019-12-02 22:07:56.950] [Agent] [info] jsonMessage={"user":{"registerAndLogin":{"password":"","username":""}}}
[2019-12-02 22:07:57.060] [Agent] [info] jsonMessage={"user":{"retrieveLoungeInfo":{}}}
[2019-12-02 22:26:24.656] [Agent] [info] jsonMessage={"user":{"registerAndLogin":{"password":"","username":""}}}
[2019-12-02 22:26:24.766] [Agent] [info] jsonMessage={"user":{"retrieveLoungeInfo":{}}}
[2019-12-02 22:29:51.601] [Agent] [info] jsonMessage={"user":{"registerAndLogin":{"password":"","username":""}}}
[2019-12-02 22:29:51.711] [Agent] [info] jsonMessage={"user":{"retrieveLoungeInfo":{}}}
[2019-12-03 09:09:59.182] [Agent] [info] jsonMessage={"user":{"registerAndLogin":{"password":"","username":""}}}
[2019-12-03 09:09:59.561] [Agent] [info] jsonMessage={"user":{"retrieveLoungeInfo":{}}}
[2019-12-03 09:10:04.921] [Agent] [info] jsonMessage={"user":{"retrieveFriendList":{}}}
[2019-12-03 09:10:06.457] [Agent] [info] jsonMessage={"user":{"retrieveLoungeInfo":{}}}
[2019-12-03 09:10:08.640] [Agent] [info] jsonMessage={"user":{"retrieveLoungeInfo":{}}}
[2019-12-03 09:10:12.930] [Agent] [info] jsonMessage={"user":{"readyInLounge":{"ready":true}}}
[2019-12-03 09:10:13.325] [Agent] [info] jsonMessage={"user":{"readyInLounge":{"ready":false}}}
[2019-12-03 09:10:14.985] [Agent] [info] jsonMessage={"user":{"readyInLounge":{"ready":true}}}
[2019-12-03 09:10:15.802] [Agent] [info] jsonMessage={"user":{"readyInLounge":{"ready":false}}}
[2019-12-03 09:10:16.744] [Agent] [info] jsonMessage={"user":{"readyInLounge":{"ready":true}}}
[2019-12-03 09:10:17.836] [Agent] [info] jsonMessage={"user":{"readyInLounge":{"ready":false}}}
[2019-12-03 09:11:56.170] [Agent] [info] jsonMessage={"user":{"registerAndLogin":{"password":"","username":""}}}
[2019-12-03 09:11:56.309] [Agent] [info] jsonMessage={"user":{"retrieveLoungeInfo":{}}}
[2019-12-03 09:11:57.703] [Agent] [info] jsonMessage={"user":{"readyInLounge":{"ready":true}}}
[2019-12-03 09:11:58.953] [Agent] [info] jsonMessage={"user":{"readyInLounge":{"ready":false}}}
[2019-12-03 09:14:17.748] [Agent] [info] jsonMessage={"user":{"registerAndLogin":{"password":"","username":""}}}
[2019-12-03 09:14:17.928] [Agent] [info] jsonMessage={"user":{"retrieveLoungeInfo":{}}}
[2019-12-03 09:15:19.351] [Agent] [info] jsonMessage={"user":{"registerAndLogin":{"password":"","username":""}}}
[2019-12-03 09:15:19.483] [Agent] [info] jsonMessage={"user":{"retrieveLoungeInfo":{}}}
[2019-12-03 09:18:14.486] [Agent] [info] jsonMessage={"user":{"registerAndLogin":{"password":"","username":""}}}
[2019-12-03 09:18:14.611] [Agent] [info] jsonMessage={"user":{"retrieveLoungeInfo":{}}}
[2019-12-03 09:20:42.138] [Agent] [info] jsonMessage={"user":{"registerAndLogin":{"password":"","username":""}}}
[2019-12-03 09:20:42.274] [Agent] [info] jsonMessage={"user":{"retrieveLoungeInfo":{}}}
[2019-12-03 09:22:01.739] [Agent] [info] jsonMessage={"user":{"registerAndLogin":{"password":"","username":""}}}
[2019-12-03 09:22:01.887] [Agent] [info] jsonMessage={"user":{"retrieveLoungeInfo":{}}}
[2019-12-03 09:23:02.318] [Agent] [info] jsonMessage={"user":{"registerAndLogin":{"password":"","username":""}}}
[2019-12-03 09:23:02.475] [Agent] [info] jsonMessage={"user":{"retrieveLoungeInfo":{}}}
[2019-12-03 09:23:55.765] [Agent] [info] jsonMessage={"user":{"registerAndLogin":{"password":"","username":""}}}
[2019-12-03 09:23:55.934] [Agent] [info] jsonMessage={"user":{"retrieveLoungeInfo":{}}}
[2019-12-03 09:24:56.963] [Agent] [info] jsonMessage={"user":{"registerAndLogin":{"password":"","username":""}}}
[2019-12-03 09:24:57.175] [Agent] [info] jsonMessage={"user":{"retrieveLoungeInfo":{}}}
[2019-12-03 09:26:12.926] [Agent] [info] jsonMessage={"user":{"registerAndLogin":{"password":"","username":""}}}
[2019-12-03 09:26:13.049] [Agent] [info] jsonMessage={"user":{"retrieveLoungeInfo":{}}}
[2019-12-03 09:33:33.072] [Agent] [info] jsonMessage={"user":{"registerAndLogin":{"password":"","username":""}}}
[2019-12-03 09:33:33.197] [Agent] [info] jsonMessage={"user":{"retrieveLoungeInfo":{}}}
[2019-12-03 09:34:21.745] [Agent] [info] jsonMessage={"user":{"registerAndLogin":{"password":"","username":""}}}
[2019-12-03 09:34:21.934] [Agent] [info] jsonMessage={"user":{"retrieveLoungeInfo":{}}}
[2019-12-03 09:34:23.379] [Agent] [info] jsonMessage={"user":{"readyInLounge":{"ready":true}}}
[2019-12-03 09:34:24.172] [Agent] [info] jsonMessage={"user":{"readyInLounge":{"ready":false}}}
[2019-12-04 15:19:59.320] [Agent] [info] jsonMessage={"user":{"registerAndLogin":{"password":"","username":""}}}
[2019-12-04 15:19:59.556] [Agent] [info] jsonMessage={"user":{"retrieveLoungeInfo":{}}}
[2019-12-04 15:20:01.888] [Agent] [info] jsonMessage={"user":{"readyInLounge":{"ready":true}}}
[2019-12-04 15:20:02.914] [Agent] [info] jsonMessage={"user":{"readyInLounge":{"ready":false}}}
[2019-12-04 15:45:23.552] [Agent] [info] jsonMessage={"user":{"registerAndLogin":{"password":"","username":""}}}
[2019-12-04 15:45:23.658] [Agent] [info] jsonMessage={"user":{"retrieveLoungeInfo":{}}}
[2019-12-04 15:46:39.884] [Agent] [info] jsonMessage={"user":{"registerAndLogin":{"password":"","username":""}}}
[2019-12-04 15:46:39.987] [Agent] [info] jsonMessage={"user":{"retrieveLoungeInfo":{}}}
[2019-12-04 15:48:11.635] [Agent] [info] jsonMessage={"user":{"registerAndLogin":{"password":"","username":""}}}
[2019-12-04 15:48:11.741] [Agent] [info] jsonMessage={"user":{"retrieveLoungeInfo":{}}}
[2019-12-04 15:48:52.614] [Agent] [info] jsonMessage={"user":{"registerAndLogin":{"password":"","username":""}}}
[2019-12-04 15:48:52.720] [Agent] [info] jsonMessage={"user":{"retrieveLoungeInfo":{}}}
[2019-12-04 15:49:29.427] [Agent] [info] jsonMessage={"user":{"registerAndLogin":{"password":"","username":""}}}
[2019-12-04 15:49:29.532] [Agent] [info] jsonMessage={"user":{"retrieveLoungeInfo":{}}}
[2019-12-04 15:50:12.142] [Agent] [info] jsonMessage={"user":{"registerAndLogin":{"password":"","username":""}}}
[2019-12-04 15:50:12.245] [Agent] [info] jsonMessage={"user":{"retrieveLoungeInfo":{}}}
[2019-12-04 15:52:29.022] [Agent] [info] jsonMessage={"user":{"registerAndLogin":{"password":"","username":""}}}
[2019-12-04 15:52:29.130] [Agent] [info] jsonMessage={"user":{"retrieveLoungeInfo":{}}}
[2019-12-04 15:52:34.661] [Agent] [info] jsonMessage={"user":{"retrieveLoungeInfo":{}}}
[2019-12-04 15:57:55.274] [Agent] [info] jsonMessage={"user":{"registerAndLogin":{"password":"","username":""}}}
[2019-12-04 15:57:55.377] [Agent] [info] jsonMessage={"user":{"retrieveLoungeInfo":{}}}
[2019-12-04 15:57:56.380] [Agent] [info] jsonMessage={"user":{"retrieveLoungeInfo":{}}}
[2019-12-04 15:57:57.125] [Agent] [info] jsonMessage={"user":{"retrieveLoungeListInfo":{}}}
[2019-12-04 15:57:57.837] [Agent] [info] jsonMessage={"user":{"retrieveLoungeListInfo":{}}}
[2019-12-04 15:58:58.971] [Agent] [info] jsonMessage={"user":{"registerAndLogin":{"password":"","username":""}}}
[2019-12-04 15:58:59.077] [Agent] [info] jsonMessage={"user":{"retrieveLoungeInfo":{}}}
[2019-12-04 15:59:03.781] [Agent] [info] jsonMessage={"user":{"retrieveLoungeInfo":{}}}
[2019-12-04 15:59:33.731] [Agent] [info] jsonMessage={"user":{"registerAndLogin":{"password":"","username":""}}}
[2019-12-04 15:59:33.836] [Agent] [info] jsonMessage={"user":{"retrieveLoungeInfo":{}}}
[2019-12-04 16:00:48.677] [Agent] [info] jsonMessage={"user":{"registerAndLogin":{"password":"","username":""}}}
[2019-12-04 16:00:48.782] [Agent] [info] jsonMessage={"user":{"retrieveLoungeInfo":{}}}
[2019-12-04 16:00:51.326] [Agent] [info] jsonMessage={"user":{"retrieveLoungeListInfo":{}}}
[2019-12-04 16:00:57.701] [Agent] [info] jsonMessage={"user":{"retrieveLoungeInfo":{}}}
